<?xml version="1.0" encoding="UTF-8"?>
<!-- Generated by org.testng.reporters.JUnitReportReporter -->
<testsuite hostname="Shraddha" name="com.qa.tests.GetAPITest" tests="2" failures="0" timestamp="12 Jan 2018 03:03:03 GMT" time="4.275" errors="0">
  <testcase name="getApiTestWithoutHeader" time="3.831" classname="com.qa.tests.GetAPITest"/>
  <testcase name="getApiTestWithHeader" time="0.444" classname="com.qa.tests.GetAPITest"/>
</testsuite> <!-- com.qa.tests.GetAPITest -->
